07/22/2019 17:00:03 [SCRIPT] SITEBACKUPS | veritas | Backup-Shares.4.0.PS1 \\mirage\Scripts\Servers\Backup\jobs\DR-Site-Servers.01.csv -Full True -Test False
07/22/2019 17:00:04 [INFO] Src:\\ch-pounce\data | Dst:\\Sitebackups\Backups\Full\ch-pounce\data | Options:/E /M
07/22/2019 17:00:04 [INFO] ROBOCOPY \\ch-pounce\data \\Sitebackups\Backups\Full\ch-pounce\data /E /M /XD Temp Autobackup Updater5 /XF *.log *desktop.ini *.db *.crdownload *.tmp /W:0 /R:0 /NFL /NDL /XA:S 
07/22/2019 17:00:08 [INFO] Src:\\ch-pounce\datas | Dst:\\Sitebackups\Backups\Full\ch-pounce\datas | Options:/E /M
07/22/2019 17:00:08 [INFO] ROBOCOPY \\ch-pounce\datas \\Sitebackups\Backups\Full\ch-pounce\datas /E /M /XD Temp Autobackup Updater5 /XF *.log *desktop.ini *.db *.crdownload *.tmp /W:0 /R:0 /NFL /NDL /XA:S 
07/22/2019 17:00:09 [INFO] Src:\\ch-pounce\users | Dst:\\Sitebackups\Backups\Full\ch-pounce\users | Options:/E /M
07/22/2019 17:00:09 [INFO] ROBOCOPY \\ch-pounce\users \\Sitebackups\Backups\Full\ch-pounce\users /E /M /XD Temp Autobackup Updater5 /XF *.log *desktop.ini *.db *.crdownload *.tmp /W:0 /R:0 /NFL /NDL /XA:S 
07/22/2019 17:00:14 [INFO] Src:\\ci-bobcat\data | Dst:\\Sitebackups\Backups\Full\ci-bobcat\data | Options:/E /M
07/22/2019 17:00:15 [INFO] ROBOCOPY \\ci-bobcat\data \\Sitebackups\Backups\Full\ci-bobcat\data /E /M /XD Temp Autobackup Updater5 /XF *.log *desktop.ini *.db *.crdownload *.tmp /W:0 /R:0 /NFL /NDL /XA:S 
07/22/2019 17:00:16 [INFO] Src:\\ci-bobcat\datas | Dst:\\Sitebackups\Backups\Full\ci-bobcat\datas | Options:/E /M
07/22/2019 17:00:16 [INFO] ROBOCOPY \\ci-bobcat\datas \\Sitebackups\Backups\Full\ci-bobcat\datas /E /M /XD Temp Autobackup Updater5 /XF *.log *desktop.ini *.db *.crdownload *.tmp /W:0 /R:0 /NFL /NDL /XA:S 
07/22/2019 17:00:25 [INFO] Src:\\ci-bobcat\users | Dst:\\Sitebackups\Backups\Full\ci-bobcat\users | Options:/E /M
07/22/2019 17:00:25 [INFO] ROBOCOPY \\ci-bobcat\users \\Sitebackups\Backups\Full\ci-bobcat\users /E /M /XD Temp Autobackup Updater5 /XF *.log *desktop.ini *.db *.crdownload *.tmp /W:0 /R:0 /NFL /NDL /XA:S 
07/22/2019 17:00:32 [INFO] Src:\\ci-bobcat\support | Dst:\\Sitebackups\Backups\Full\ci-bobcat\support | Options:/E /M
07/22/2019 17:00:32 [INFO] ROBOCOPY \\ci-bobcat\support \\Sitebackups\Backups\Full\ci-bobcat\support /E /M /XD Temp Autobackup Updater5 /XF *.log *desktop.ini *.db *.crdownload *.tmp /W:0 /R:0 /NFL /NDL /XA:S 
07/22/2019 17:00:34 [INFO] Src:\\ho-hook\data | Dst:\\Sitebackups\Backups\Full\ho-hook\data | Options:/E /M
07/22/2019 17:00:35 [INFO] ROBOCOPY \\ho-hook\data \\Sitebackups\Backups\Full\ho-hook\data /E /M /XD Temp Autobackup Updater5 /XF *.log *desktop.ini *.db *.crdownload *.tmp /W:0 /R:0 /NFL /NDL /XA:S 
07/22/2019 17:00:55 [INFO] Src:\\ho-hook\datas | Dst:\\Sitebackups\Backups\Full\ho-hook\datas | Options:/E /M
07/22/2019 17:00:55 [INFO] ROBOCOPY \\ho-hook\datas \\Sitebackups\Backups\Full\ho-hook\datas /E /M /XD Temp Autobackup Updater5 /XF *.log *desktop.ini *.db *.crdownload *.tmp /W:0 /R:0 /NFL /NDL /XA:S 
07/22/2019 17:01:06 [INFO] Src:\\ho-hook\users | Dst:\\Sitebackups\Backups\Full\ho-hook\users | Options:/E /M
07/22/2019 17:01:06 [INFO] ROBOCOPY \\ho-hook\users \\Sitebackups\Backups\Full\ho-hook\users /E /M /XD Temp Autobackup Updater5 /XF *.log *desktop.ini *.db *.crdownload *.tmp /W:0 /R:0 /NFL /NDL /XA:S 
07/22/2019 17:01:13 [INFO] Src:\\jm-wildrider\data | Dst:\\Sitebackups\Backups\Full\jm-wildrider\data | Options:/E /M
07/22/2019 17:01:13 [INFO] ROBOCOPY \\jm-wildrider\data \\Sitebackups\Backups\Full\jm-wildrider\data /E /M /XD Temp Autobackup Updater5 /XF *.log *desktop.ini *.db *.crdownload *.tmp /W:0 /R:0 /NFL /NDL /XA:S 
07/22/2019 17:02:40 [INFO] Src:\\jm-wildrider\datas | Dst:\\Sitebackups\Backups\Full\jm-wildrider\datas | Options:/E /M
07/22/2019 17:02:41 [INFO] ROBOCOPY \\jm-wildrider\datas \\Sitebackups\Backups\Full\jm-wildrider\datas /E /M /XD Temp Autobackup Updater5 /XF *.log *desktop.ini *.db *.crdownload *.tmp /W:0 /R:0 /NFL /NDL /XA:S 
07/22/2019 17:03:28 [INFO] Src:\\jm-wildrider\users | Dst:\\Sitebackups\Backups\Full\jm-wildrider\users | Options:/E /M
07/22/2019 17:03:28 [INFO] ROBOCOPY \\jm-wildrider\users \\Sitebackups\Backups\Full\jm-wildrider\users /E /M /XD Temp Autobackup Updater5 /XF *.log *desktop.ini *.db *.crdownload *.tmp /W:0 /R:0 /NFL /NDL /XA:S 
07/22/2019 17:03:34 [INFO] Src:\\ma-skyfire\data | Dst:\\Sitebackups\Backups\Full\ma-skyfire\data | Options:/E /M
07/22/2019 17:03:34 [INFO] ROBOCOPY \\ma-skyfire\data \\Sitebackups\Backups\Full\ma-skyfire\data /E /M /XD Temp Autobackup Updater5 /XF *.log *desktop.ini *.db *.crdownload *.tmp /W:0 /R:0 /NFL /NDL /XA:S 
07/22/2019 17:03:37 [INFO] Src:\\ma-skyfire\datas | Dst:\\Sitebackups\Backups\Full\ma-skyfire\datas | Options:/E /M
07/22/2019 17:03:37 [INFO] ROBOCOPY \\ma-skyfire\datas \\Sitebackups\Backups\Full\ma-skyfire\datas /E /M /XD Temp Autobackup Updater5 /XF *.log *desktop.ini *.db *.crdownload *.tmp /W:0 /R:0 /NFL /NDL /XA:S 
07/22/2019 17:03:39 [INFO] Src:\\ma-skyfire\users | Dst:\\Sitebackups\Backups\Full\ma-skyfire\users | Options:/E /M
07/22/2019 17:03:39 [INFO] ROBOCOPY \\ma-skyfire\users \\Sitebackups\Backups\Full\ma-skyfire\users /E /M /XD Temp Autobackup Updater5 /XF *.log *desktop.ini *.db *.crdownload *.tmp /W:0 /R:0 /NFL /NDL /XA:S 
07/22/2019 17:03:45 [INFO] Src:\\ma-skyfire\support | Dst:\\Sitebackups\Backups\Full\ma-skyfire\support | Options:/E /M
07/22/2019 17:03:45 [INFO] ROBOCOPY \\ma-skyfire\support \\Sitebackups\Backups\Full\ma-skyfire\support /E /M /XD Temp Autobackup Updater5 /XF *.log *desktop.ini *.db *.crdownload *.tmp /W:0 /R:0 /NFL /NDL /XA:S 
07/22/2019 17:03:49 [INFO] Src:\\nd-snapdragon\data | Dst:\\Sitebackups\Backups\Full\nd-snapdragon\data | Options:/E /M
07/22/2019 17:03:49 [INFO] ROBOCOPY \\nd-snapdragon\data \\Sitebackups\Backups\Full\nd-snapdragon\data /E /M /XD Temp Autobackup Updater5 /XF *.log *desktop.ini *.db *.crdownload *.tmp /W:0 /R:0 /NFL /NDL /XA:S 
07/22/2019 17:04:01 [INFO] Src:\\nd-snapdragon\datas | Dst:\\Sitebackups\Backups\Full\nd-snapdragon\datas | Options:/E /M
07/22/2019 17:04:01 [INFO] ROBOCOPY \\nd-snapdragon\datas \\Sitebackups\Backups\Full\nd-snapdragon\datas /E /M /XD Temp Autobackup Updater5 /XF *.log *desktop.ini *.db *.crdownload *.tmp /W:0 /R:0 /NFL /NDL /XA:S 
07/22/2019 17:04:09 [INFO] Src:\\nd-snapdragon\users | Dst:\\Sitebackups\Backups\Full\nd-snapdragon\users | Options:/E /M
07/22/2019 17:04:09 [INFO] ROBOCOPY \\nd-snapdragon\users \\Sitebackups\Backups\Full\nd-snapdragon\users /E /M /XD Temp Autobackup Updater5 /XF *.log *desktop.ini *.db *.crdownload *.tmp /W:0 /R:0 /NFL /NDL /XA:S 
07/22/2019 17:04:14 [INFO] Src:\\lc-cheetah\data | Dst:\\Sitebackups\Backups\Full\lc-cheetah\data | Options:/E /M
07/22/2019 17:04:14 [INFO] ROBOCOPY \\lc-cheetah\data \\Sitebackups\Backups\Full\lc-cheetah\data /E /M /XD Temp Autobackup Updater5 /XF *.log *desktop.ini *.db *.crdownload *.tmp /W:0 /R:0 /NFL /NDL /XA:S 
07/22/2019 17:04:15 [INFO] Src:\\lc-cheetah\datas | Dst:\\Sitebackups\Backups\Full\lc-cheetah\datas | Options:/E /M
07/22/2019 17:04:15 [INFO] ROBOCOPY \\lc-cheetah\datas \\Sitebackups\Backups\Full\lc-cheetah\datas /E /M /XD Temp Autobackup Updater5 /XF *.log *desktop.ini *.db *.crdownload *.tmp /W:0 /R:0 /NFL /NDL /XA:S 
07/22/2019 17:04:47 [INFO] Src:\\lc-cheetah\users | Dst:\\Sitebackups\Backups\Full\lc-cheetah\users | Options:/E /M
07/22/2019 17:04:47 [INFO] ROBOCOPY \\lc-cheetah\users \\Sitebackups\Backups\Full\lc-cheetah\users /E /M /XD Temp Autobackup Updater5 /XF *.log *desktop.ini *.db *.crdownload *.tmp /W:0 /R:0 /NFL /NDL /XA:S 
07/22/2019 17:04:55 [INFO] Src:\\lc-cheetah\support | Dst:\\Sitebackups\Backups\Full\lc-cheetah\support | Options:/E /M
07/22/2019 17:04:55 [INFO] ROBOCOPY \\lc-cheetah\support \\Sitebackups\Backups\Full\lc-cheetah\support /E /M /XD Temp Autobackup Updater5 /XF *.log *desktop.ini *.db *.crdownload *.tmp /W:0 /R:0 /NFL /NDL /XA:S 
07/22/2019 17:05:18 [INFO] Src:\\parkview-as\data | Dst:\\Sitebackups\Backups\Full\parkview-as\data | Options:/E /M
07/22/2019 17:05:19 [INFO] ROBOCOPY \\parkview-as\data \\Sitebackups\Backups\Full\parkview-as\data /E /M /XD Temp Autobackup Updater5 /XF *.log *desktop.ini *.db *.crdownload *.tmp /W:0 /R:0 /NFL /NDL /XA:S 
07/22/2019 17:05:35 [INFO] Src:\\parkview-as\datas | Dst:\\Sitebackups\Backups\Full\parkview-as\datas | Options:/E /M
07/22/2019 17:05:35 [INFO] ROBOCOPY \\parkview-as\datas \\Sitebackups\Backups\Full\parkview-as\datas /E /M /XD Temp Autobackup Updater5 /XF *.log *desktop.ini *.db *.crdownload *.tmp /W:0 /R:0 /NFL /NDL /XA:S 
07/22/2019 17:06:05 [INFO] Src:\\parkview-as\users | Dst:\\Sitebackups\Backups\Full\parkview-as\users | Options:/E /M
07/22/2019 17:06:05 [INFO] ROBOCOPY \\parkview-as\users \\Sitebackups\Backups\Full\parkview-as\users /E /M /XD Temp Autobackup Updater5 /XF *.log *desktop.ini *.db *.crdownload *.tmp /W:0 /R:0 /NFL /NDL /XA:S 
07/22/2019 17:06:52 [INFO] Src:\\parkview-as\support | Dst:\\Sitebackups\Backups\Full\parkview-as\support | Options:/E /M
07/22/2019 17:06:52 [INFO] ROBOCOPY \\parkview-as\support \\Sitebackups\Backups\Full\parkview-as\support /E /M /XD Temp Autobackup Updater5 /XF *.log *desktop.ini *.db *.crdownload *.tmp /W:0 /R:0 /NFL /NDL /XA:S 
07/22/2019 17:07:08 [INFO] Src:\\ew-ramhorn\data | Dst:\\Sitebackups\Backups\Full\ew-ramhorn\data | Options:/E /M
07/22/2019 17:07:08 [INFO] ROBOCOPY \\ew-ramhorn\data \\Sitebackups\Backups\Full\ew-ramhorn\data /E /M /XD Temp Autobackup Updater5 /XF *.log *desktop.ini *.db *.crdownload *.tmp /W:0 /R:0 /NFL /NDL /XA:S 
07/22/2019 17:10:13 [INFO] Src:\\ew-ramhorn\datas | Dst:\\Sitebackups\Backups\Full\ew-ramhorn\datas | Options:/E /M
07/22/2019 17:10:13 [INFO] ROBOCOPY \\ew-ramhorn\datas \\Sitebackups\Backups\Full\ew-ramhorn\datas /E /M /XD Temp Autobackup Updater5 /XF *.log *desktop.ini *.db *.crdownload *.tmp /W:0 /R:0 /NFL /NDL /XA:S 
07/22/2019 17:10:32 [INFO] Src:\\ew-ramhorn\users | Dst:\\Sitebackups\Backups\Full\ew-ramhorn\users | Options:/E /M
07/22/2019 17:10:32 [INFO] ROBOCOPY \\ew-ramhorn\users \\Sitebackups\Backups\Full\ew-ramhorn\users /E /M /XD Temp Autobackup Updater5 /XF *.log *desktop.ini *.db *.crdownload *.tmp /W:0 /R:0 /NFL /NDL /XA:S 
07/22/2019 17:10:53 [INFO] Src:\\ew-ramhorn\support | Dst:\\Sitebackups\Backups\Full\ew-ramhorn\support | Options:/E /M
07/22/2019 17:10:53 [INFO] ROBOCOPY \\ew-ramhorn\support \\Sitebackups\Backups\Full\ew-ramhorn\support /E /M /XD Temp Autobackup Updater5 /XF *.log *desktop.ini *.db *.crdownload *.tmp /W:0 /R:0 /NFL /NDL /XA:S 
07/22/2019 17:10:54 [INFO] Src:\\ro-raccoon\data | Dst:\\Sitebackups\Backups\Full\ro-raccoon\data | Options:/E /M
07/22/2019 17:10:54 [INFO] ROBOCOPY \\ro-raccoon\data \\Sitebackups\Backups\Full\ro-raccoon\data /E /M /XD Temp Autobackup Updater5 /XF *.log *desktop.ini *.db *.crdownload *.tmp /W:0 /R:0 /NFL /NDL /XA:S 
07/22/2019 17:10:58 [INFO] Src:\\ro-raccoon\datas | Dst:\\Sitebackups\Backups\Full\ro-raccoon\datas | Options:/E /M
07/22/2019 17:10:58 [INFO] ROBOCOPY \\ro-raccoon\datas \\Sitebackups\Backups\Full\ro-raccoon\datas /E /M /XD Temp Autobackup Updater5 /XF *.log *desktop.ini *.db *.crdownload *.tmp /W:0 /R:0 /NFL /NDL /XA:S 
07/22/2019 17:11:06 [INFO] Src:\\ro-raccoon\users | Dst:\\Sitebackups\Backups\Full\ro-raccoon\users | Options:/E /M
07/22/2019 17:11:06 [INFO] ROBOCOPY \\ro-raccoon\users \\Sitebackups\Backups\Full\ro-raccoon\users /E /M /XD Temp Autobackup Updater5 /XF *.log *desktop.ini *.db *.crdownload *.tmp /W:0 /R:0 /NFL /NDL /XA:S 
07/22/2019 17:12:21 [INFO] Src:\\ro-raccoon\support | Dst:\\Sitebackups\Backups\Full\ro-raccoon\support | Options:/E /M
07/22/2019 17:12:21 [INFO] ROBOCOPY \\ro-raccoon\support \\Sitebackups\Backups\Full\ro-raccoon\support /E /M /XD Temp Autobackup Updater5 /XF *.log *desktop.ini *.db *.crdownload *.tmp /W:0 /R:0 /NFL /NDL /XA:S 
07/22/2019 17:12:36 [INFO] Src:\\sh-searchlight\data | Dst:\\Sitebackups\Backups\Full\sh-searchlight\data | Options:/E /M
07/22/2019 17:12:36 [INFO] ROBOCOPY \\sh-searchlight\data \\Sitebackups\Backups\Full\sh-searchlight\data /E /M /XD Temp Autobackup Updater5 /XF *.log *desktop.ini *.db *.crdownload *.tmp /W:0 /R:0 /NFL /NDL /XA:S 
07/22/2019 17:12:57 [INFO] Src:\\sh-searchlight\datas | Dst:\\Sitebackups\Backups\Full\sh-searchlight\datas | Options:/E /M
07/22/2019 17:12:57 [INFO] ROBOCOPY \\sh-searchlight\datas \\Sitebackups\Backups\Full\sh-searchlight\datas /E /M /XD Temp Autobackup Updater5 /XF *.log *desktop.ini *.db *.crdownload *.tmp /W:0 /R:0 /NFL /NDL /XA:S 
07/22/2019 17:13:41 [INFO] Src:\\sh-searchlight\users | Dst:\\Sitebackups\Backups\Full\sh-searchlight\users | Options:/E /M
07/22/2019 17:13:41 [INFO] ROBOCOPY \\sh-searchlight\users \\Sitebackups\Backups\Full\sh-searchlight\users /E /M /XD Temp Autobackup Updater5 /XF *.log *desktop.ini *.db *.crdownload *.tmp /W:0 /R:0 /NFL /NDL /XA:S 
07/22/2019 17:13:55 [INFO] Src:\\sv-sam\data | Dst:\\Sitebackups\Backups\Full\sv-sam\data | Options:/E /M
07/22/2019 17:13:55 [INFO] ROBOCOPY \\sv-sam\data \\Sitebackups\Backups\Full\sv-sam\data /E /M /XD Temp Autobackup Updater5 /XF *.log *desktop.ini *.db *.crdownload *.tmp /W:0 /R:0 /NFL /NDL /XA:S 
07/22/2019 17:15:38 [INFO] Src:\\sv-sam\datas | Dst:\\Sitebackups\Backups\Full\sv-sam\datas | Options:/E /M
07/22/2019 17:15:38 [INFO] ROBOCOPY \\sv-sam\datas \\Sitebackups\Backups\Full\sv-sam\datas /E /M /XD Temp Autobackup Updater5 /XF *.log *desktop.ini *.db *.crdownload *.tmp /W:0 /R:0 /NFL /NDL /XA:S 
07/22/2019 17:16:24 [INFO] Src:\\sv-sam\users | Dst:\\Sitebackups\Backups\Full\sv-sam\users | Options:/E /M
07/22/2019 17:16:24 [INFO] ROBOCOPY \\sv-sam\users \\Sitebackups\Backups\Full\sv-sam\users /E /M /XD Temp Autobackup Updater5 /XF *.log *desktop.ini *.db *.crdownload *.tmp /W:0 /R:0 /NFL /NDL /XA:S 
07/22/2019 17:16:42 [INFO] Src:\\sv-sam\support | Dst:\\Sitebackups\Backups\Full\sv-sam\support | Options:/E /M
07/22/2019 17:16:42 [INFO] ROBOCOPY \\sv-sam\support \\Sitebackups\Backups\Full\sv-sam\support /E /M /XD Temp Autobackup Updater5 Software Installs /XF *.log *desktop.ini *.db *.crdownload *.tmp /W:0 /R:0 /NFL /NDL /XA:S 
07/22/2019 17:17:44 [INFO] No Powershell errors reported.
