07/16/2019 17:00:08 [SCRIPT] SITEBACKUPS | veritas | Backup-Shares.4.0.PS1 \\mirage\Scripts\Servers\Backup\jobs\DR-Site-Servers.01.csv -Full True -Test False
07/16/2019 17:00:09 [INFO] Src:\\ch-pounce\data | Dst:\\Sitebackups\Backups\Full\ch-pounce\data | Options:/E /M
07/16/2019 17:00:09 [INFO] ROBOCOPY \\ch-pounce\data \\Sitebackups\Backups\Full\ch-pounce\data /E /M /XD Temp Autobackup Updater5 /XF *.log *desktop.ini *.db *.crdownload *.tmp /W:0 /R:0 /NFL /NDL /XA:S 
07/16/2019 17:00:15 [INFO] Src:\\ch-pounce\datas | Dst:\\Sitebackups\Backups\Full\ch-pounce\datas | Options:/E /M
07/16/2019 17:00:15 [INFO] ROBOCOPY \\ch-pounce\datas \\Sitebackups\Backups\Full\ch-pounce\datas /E /M /XD Temp Autobackup Updater5 /XF *.log *desktop.ini *.db *.crdownload *.tmp /W:0 /R:0 /NFL /NDL /XA:S 
07/16/2019 17:00:16 [INFO] Src:\\ch-pounce\users | Dst:\\Sitebackups\Backups\Full\ch-pounce\users | Options:/E /M
07/16/2019 17:00:16 [INFO] ROBOCOPY \\ch-pounce\users \\Sitebackups\Backups\Full\ch-pounce\users /E /M /XD Temp Autobackup Updater5 /XF *.log *desktop.ini *.db *.crdownload *.tmp /W:0 /R:0 /NFL /NDL /XA:S 
07/16/2019 17:00:21 [INFO] Src:\\ci-bobcat\data | Dst:\\Sitebackups\Backups\Full\ci-bobcat\data | Options:/E /M
07/16/2019 17:00:21 [INFO] ROBOCOPY \\ci-bobcat\data \\Sitebackups\Backups\Full\ci-bobcat\data /E /M /XD Temp Autobackup Updater5 /XF *.log *desktop.ini *.db *.crdownload *.tmp /W:0 /R:0 /NFL /NDL /XA:S 
07/16/2019 17:00:22 [INFO] Src:\\ci-bobcat\datas | Dst:\\Sitebackups\Backups\Full\ci-bobcat\datas | Options:/E /M
07/16/2019 17:00:22 [INFO] ROBOCOPY \\ci-bobcat\datas \\Sitebackups\Backups\Full\ci-bobcat\datas /E /M /XD Temp Autobackup Updater5 /XF *.log *desktop.ini *.db *.crdownload *.tmp /W:0 /R:0 /NFL /NDL /XA:S 
07/16/2019 17:00:35 [INFO] Src:\\ci-bobcat\users | Dst:\\Sitebackups\Backups\Full\ci-bobcat\users | Options:/E /M
07/16/2019 17:00:36 [INFO] ROBOCOPY \\ci-bobcat\users \\Sitebackups\Backups\Full\ci-bobcat\users /E /M /XD Temp Autobackup Updater5 /XF *.log *desktop.ini *.db *.crdownload *.tmp /W:0 /R:0 /NFL /NDL /XA:S 
07/16/2019 17:00:45 [INFO] Src:\\ci-bobcat\support | Dst:\\Sitebackups\Backups\Full\ci-bobcat\support | Options:/E /M
07/16/2019 17:00:45 [INFO] ROBOCOPY \\ci-bobcat\support \\Sitebackups\Backups\Full\ci-bobcat\support /E /M /XD Temp Autobackup Updater5 /XF *.log *desktop.ini *.db *.crdownload *.tmp /W:0 /R:0 /NFL /NDL /XA:S 
07/16/2019 17:00:47 [INFO] Src:\\ho-hook\data | Dst:\\Sitebackups\Backups\Full\ho-hook\data | Options:/E /M
07/16/2019 17:00:47 [INFO] ROBOCOPY \\ho-hook\data \\Sitebackups\Backups\Full\ho-hook\data /E /M /XD Temp Autobackup Updater5 /XF *.log *desktop.ini *.db *.crdownload *.tmp /W:0 /R:0 /NFL /NDL /XA:S 
07/16/2019 17:01:13 [INFO] Src:\\ho-hook\datas | Dst:\\Sitebackups\Backups\Full\ho-hook\datas | Options:/E /M
07/16/2019 17:01:13 [INFO] ROBOCOPY \\ho-hook\datas \\Sitebackups\Backups\Full\ho-hook\datas /E /M /XD Temp Autobackup Updater5 /XF *.log *desktop.ini *.db *.crdownload *.tmp /W:0 /R:0 /NFL /NDL /XA:S 
07/16/2019 17:01:28 [INFO] Src:\\ho-hook\users | Dst:\\Sitebackups\Backups\Full\ho-hook\users | Options:/E /M
07/16/2019 17:01:29 [INFO] ROBOCOPY \\ho-hook\users \\Sitebackups\Backups\Full\ho-hook\users /E /M /XD Temp Autobackup Updater5 /XF *.log *desktop.ini *.db *.crdownload *.tmp /W:0 /R:0 /NFL /NDL /XA:S 
07/16/2019 17:01:37 [INFO] Src:\\jm-wildrider\data | Dst:\\Sitebackups\Backups\Full\jm-wildrider\data | Options:/E /M
07/16/2019 17:01:37 [INFO] ROBOCOPY \\jm-wildrider\data \\Sitebackups\Backups\Full\jm-wildrider\data /E /M /XD Temp Autobackup Updater5 /XF *.log *desktop.ini *.db *.crdownload *.tmp /W:0 /R:0 /NFL /NDL /XA:S 
07/16/2019 17:04:08 [INFO] Src:\\jm-wildrider\datas | Dst:\\Sitebackups\Backups\Full\jm-wildrider\datas | Options:/E /M
07/16/2019 17:04:08 [INFO] ROBOCOPY \\jm-wildrider\datas \\Sitebackups\Backups\Full\jm-wildrider\datas /E /M /XD Temp Autobackup Updater5 /XF *.log *desktop.ini *.db *.crdownload *.tmp /W:0 /R:0 /NFL /NDL /XA:S 
07/16/2019 17:05:36 [INFO] Src:\\jm-wildrider\users | Dst:\\Sitebackups\Backups\Full\jm-wildrider\users | Options:/E /M
07/16/2019 17:05:36 [INFO] ROBOCOPY \\jm-wildrider\users \\Sitebackups\Backups\Full\jm-wildrider\users /E /M /XD Temp Autobackup Updater5 /XF *.log *desktop.ini *.db *.crdownload *.tmp /W:0 /R:0 /NFL /NDL /XA:S 
07/16/2019 17:05:40 [INFO] Src:\\ma-skyfire\data | Dst:\\Sitebackups\Backups\Full\ma-skyfire\data | Options:/E /M
07/16/2019 17:05:40 [INFO] ROBOCOPY \\ma-skyfire\data \\Sitebackups\Backups\Full\ma-skyfire\data /E /M /XD Temp Autobackup Updater5 /XF *.log *desktop.ini *.db *.crdownload *.tmp /W:0 /R:0 /NFL /NDL /XA:S 
07/16/2019 17:05:47 [INFO] Src:\\ma-skyfire\datas | Dst:\\Sitebackups\Backups\Full\ma-skyfire\datas | Options:/E /M
07/16/2019 17:05:47 [INFO] ROBOCOPY \\ma-skyfire\datas \\Sitebackups\Backups\Full\ma-skyfire\datas /E /M /XD Temp Autobackup Updater5 /XF *.log *desktop.ini *.db *.crdownload *.tmp /W:0 /R:0 /NFL /NDL /XA:S 
07/16/2019 17:05:52 [INFO] Src:\\ma-skyfire\users | Dst:\\Sitebackups\Backups\Full\ma-skyfire\users | Options:/E /M
07/16/2019 17:05:52 [INFO] ROBOCOPY \\ma-skyfire\users \\Sitebackups\Backups\Full\ma-skyfire\users /E /M /XD Temp Autobackup Updater5 /XF *.log *desktop.ini *.db *.crdownload *.tmp /W:0 /R:0 /NFL /NDL /XA:S 
07/16/2019 17:05:58 [INFO] Src:\\ma-skyfire\support | Dst:\\Sitebackups\Backups\Full\ma-skyfire\support | Options:/E /M
07/16/2019 17:05:58 [INFO] ROBOCOPY \\ma-skyfire\support \\Sitebackups\Backups\Full\ma-skyfire\support /E /M /XD Temp Autobackup Updater5 /XF *.log *desktop.ini *.db *.crdownload *.tmp /W:0 /R:0 /NFL /NDL /XA:S 
07/16/2019 17:06:09 [INFO] Src:\\nd-snapdragon\data | Dst:\\Sitebackups\Backups\Full\nd-snapdragon\data | Options:/E /M
07/16/2019 17:06:09 [INFO] ROBOCOPY \\nd-snapdragon\data \\Sitebackups\Backups\Full\nd-snapdragon\data /E /M /XD Temp Autobackup Updater5 /XF *.log *desktop.ini *.db *.crdownload *.tmp /W:0 /R:0 /NFL /NDL /XA:S 
07/16/2019 17:07:00 [INFO] Src:\\nd-snapdragon\datas | Dst:\\Sitebackups\Backups\Full\nd-snapdragon\datas | Options:/E /M
07/16/2019 17:07:00 [INFO] ROBOCOPY \\nd-snapdragon\datas \\Sitebackups\Backups\Full\nd-snapdragon\datas /E /M /XD Temp Autobackup Updater5 /XF *.log *desktop.ini *.db *.crdownload *.tmp /W:0 /R:0 /NFL /NDL /XA:S 
07/16/2019 17:07:23 [INFO] Src:\\nd-snapdragon\users | Dst:\\Sitebackups\Backups\Full\nd-snapdragon\users | Options:/E /M
07/16/2019 17:07:23 [INFO] ROBOCOPY \\nd-snapdragon\users \\Sitebackups\Backups\Full\nd-snapdragon\users /E /M /XD Temp Autobackup Updater5 /XF *.log *desktop.ini *.db *.crdownload *.tmp /W:0 /R:0 /NFL /NDL /XA:S 
07/16/2019 17:07:30 [INFO] Src:\\lc-cheetah\data | Dst:\\Sitebackups\Backups\Full\lc-cheetah\data | Options:/E /M
07/16/2019 17:07:30 [INFO] ROBOCOPY \\lc-cheetah\data \\Sitebackups\Backups\Full\lc-cheetah\data /E /M /XD Temp Autobackup Updater5 /XF *.log *desktop.ini *.db *.crdownload *.tmp /W:0 /R:0 /NFL /NDL /XA:S 
07/16/2019 17:07:33 [INFO] Src:\\lc-cheetah\datas | Dst:\\Sitebackups\Backups\Full\lc-cheetah\datas | Options:/E /M
07/16/2019 17:07:33 [INFO] ROBOCOPY \\lc-cheetah\datas \\Sitebackups\Backups\Full\lc-cheetah\datas /E /M /XD Temp Autobackup Updater5 /XF *.log *desktop.ini *.db *.crdownload *.tmp /W:0 /R:0 /NFL /NDL /XA:S 
07/16/2019 17:08:19 [INFO] Src:\\lc-cheetah\users | Dst:\\Sitebackups\Backups\Full\lc-cheetah\users | Options:/E /M
07/16/2019 17:08:19 [INFO] ROBOCOPY \\lc-cheetah\users \\Sitebackups\Backups\Full\lc-cheetah\users /E /M /XD Temp Autobackup Updater5 /XF *.log *desktop.ini *.db *.crdownload *.tmp /W:0 /R:0 /NFL /NDL /XA:S 
07/16/2019 17:08:30 [INFO] Src:\\lc-cheetah\support | Dst:\\Sitebackups\Backups\Full\lc-cheetah\support | Options:/E /M
07/16/2019 17:08:30 [INFO] ROBOCOPY \\lc-cheetah\support \\Sitebackups\Backups\Full\lc-cheetah\support /E /M /XD Temp Autobackup Updater5 /XF *.log *desktop.ini *.db *.crdownload *.tmp /W:0 /R:0 /NFL /NDL /XA:S 
07/16/2019 17:09:23 [INFO] Src:\\parkview-as\data | Dst:\\Sitebackups\Backups\Full\parkview-as\data | Options:/E /M
07/16/2019 17:09:23 [INFO] ROBOCOPY \\parkview-as\data \\Sitebackups\Backups\Full\parkview-as\data /E /M /XD Temp Autobackup Updater5 /XF *.log *desktop.ini *.db *.crdownload *.tmp /W:0 /R:0 /NFL /NDL /XA:S 
07/16/2019 17:10:20 [INFO] Src:\\parkview-as\datas | Dst:\\Sitebackups\Backups\Full\parkview-as\datas | Options:/E /M
07/16/2019 17:10:20 [INFO] ROBOCOPY \\parkview-as\datas \\Sitebackups\Backups\Full\parkview-as\datas /E /M /XD Temp Autobackup Updater5 /XF *.log *desktop.ini *.db *.crdownload *.tmp /W:0 /R:0 /NFL /NDL /XA:S 
07/16/2019 17:11:21 [INFO] Src:\\parkview-as\users | Dst:\\Sitebackups\Backups\Full\parkview-as\users | Options:/E /M
07/16/2019 17:11:21 [INFO] ROBOCOPY \\parkview-as\users \\Sitebackups\Backups\Full\parkview-as\users /E /M /XD Temp Autobackup Updater5 /XF *.log *desktop.ini *.db *.crdownload *.tmp /W:0 /R:0 /NFL /NDL /XA:S 
07/16/2019 17:12:12 [INFO] Src:\\parkview-as\support | Dst:\\Sitebackups\Backups\Full\parkview-as\support | Options:/E /M
07/16/2019 17:12:13 [INFO] ROBOCOPY \\parkview-as\support \\Sitebackups\Backups\Full\parkview-as\support /E /M /XD Temp Autobackup Updater5 /XF *.log *desktop.ini *.db *.crdownload *.tmp /W:0 /R:0 /NFL /NDL /XA:S 
07/16/2019 17:12:50 [INFO] Src:\\ew-ramhorn\data | Dst:\\Sitebackups\Backups\Full\ew-ramhorn\data | Options:/E /M
07/16/2019 17:12:50 [INFO] ROBOCOPY \\ew-ramhorn\data \\Sitebackups\Backups\Full\ew-ramhorn\data /E /M /XD Temp Autobackup Updater5 /XF *.log *desktop.ini *.db *.crdownload *.tmp /W:0 /R:0 /NFL /NDL /XA:S 
07/16/2019 17:15:48 [INFO] Src:\\ew-ramhorn\datas | Dst:\\Sitebackups\Backups\Full\ew-ramhorn\datas | Options:/E /M
07/16/2019 17:15:48 [INFO] ROBOCOPY \\ew-ramhorn\datas \\Sitebackups\Backups\Full\ew-ramhorn\datas /E /M /XD Temp Autobackup Updater5 /XF *.log *desktop.ini *.db *.crdownload *.tmp /W:0 /R:0 /NFL /NDL /XA:S 
07/16/2019 17:16:06 [INFO] Src:\\ew-ramhorn\users | Dst:\\Sitebackups\Backups\Full\ew-ramhorn\users | Options:/E /M
07/16/2019 17:16:06 [INFO] ROBOCOPY \\ew-ramhorn\users \\Sitebackups\Backups\Full\ew-ramhorn\users /E /M /XD Temp Autobackup Updater5 /XF *.log *desktop.ini *.db *.crdownload *.tmp /W:0 /R:0 /NFL /NDL /XA:S 
07/16/2019 17:16:23 [INFO] Src:\\ew-ramhorn\support | Dst:\\Sitebackups\Backups\Full\ew-ramhorn\support | Options:/E /M
07/16/2019 17:16:23 [INFO] ROBOCOPY \\ew-ramhorn\support \\Sitebackups\Backups\Full\ew-ramhorn\support /E /M /XD Temp Autobackup Updater5 /XF *.log *desktop.ini *.db *.crdownload *.tmp /W:0 /R:0 /NFL /NDL /XA:S 
07/16/2019 17:16:24 [INFO] Src:\\ro-raccoon\data | Dst:\\Sitebackups\Backups\Full\ro-raccoon\data | Options:/E /M
07/16/2019 17:16:24 [INFO] ROBOCOPY \\ro-raccoon\data \\Sitebackups\Backups\Full\ro-raccoon\data /E /M /XD Temp Autobackup Updater5 /XF *.log *desktop.ini *.db *.crdownload *.tmp /W:0 /R:0 /NFL /NDL /XA:S 
07/16/2019 17:16:28 [INFO] Src:\\ro-raccoon\datas | Dst:\\Sitebackups\Backups\Full\ro-raccoon\datas | Options:/E /M
07/16/2019 17:16:28 [INFO] ROBOCOPY \\ro-raccoon\datas \\Sitebackups\Backups\Full\ro-raccoon\datas /E /M /XD Temp Autobackup Updater5 /XF *.log *desktop.ini *.db *.crdownload *.tmp /W:0 /R:0 /NFL /NDL /XA:S 
07/16/2019 17:16:34 [INFO] Src:\\ro-raccoon\users | Dst:\\Sitebackups\Backups\Full\ro-raccoon\users | Options:/E /M
07/16/2019 17:16:34 [INFO] ROBOCOPY \\ro-raccoon\users \\Sitebackups\Backups\Full\ro-raccoon\users /E /M /XD Temp Autobackup Updater5 /XF *.log *desktop.ini *.db *.crdownload *.tmp /W:0 /R:0 /NFL /NDL /XA:S 
07/16/2019 17:17:48 [INFO] Src:\\ro-raccoon\support | Dst:\\Sitebackups\Backups\Full\ro-raccoon\support | Options:/E /M
07/16/2019 17:17:48 [INFO] ROBOCOPY \\ro-raccoon\support \\Sitebackups\Backups\Full\ro-raccoon\support /E /M /XD Temp Autobackup Updater5 /XF *.log *desktop.ini *.db *.crdownload *.tmp /W:0 /R:0 /NFL /NDL /XA:S 
07/16/2019 17:18:03 [INFO] Src:\\sh-searchlight\data | Dst:\\Sitebackups\Backups\Full\sh-searchlight\data | Options:/E /M
07/16/2019 17:18:03 [INFO] ROBOCOPY \\sh-searchlight\data \\Sitebackups\Backups\Full\sh-searchlight\data /E /M /XD Temp Autobackup Updater5 /XF *.log *desktop.ini *.db *.crdownload *.tmp /W:0 /R:0 /NFL /NDL /XA:S 
07/16/2019 17:18:23 [INFO] Src:\\sh-searchlight\datas | Dst:\\Sitebackups\Backups\Full\sh-searchlight\datas | Options:/E /M
07/16/2019 17:18:23 [INFO] ROBOCOPY \\sh-searchlight\datas \\Sitebackups\Backups\Full\sh-searchlight\datas /E /M /XD Temp Autobackup Updater5 /XF *.log *desktop.ini *.db *.crdownload *.tmp /W:0 /R:0 /NFL /NDL /XA:S 
07/16/2019 17:19:01 [INFO] Src:\\sh-searchlight\users | Dst:\\Sitebackups\Backups\Full\sh-searchlight\users | Options:/E /M
07/16/2019 17:19:01 [INFO] ROBOCOPY \\sh-searchlight\users \\Sitebackups\Backups\Full\sh-searchlight\users /E /M /XD Temp Autobackup Updater5 /XF *.log *desktop.ini *.db *.crdownload *.tmp /W:0 /R:0 /NFL /NDL /XA:S 
07/16/2019 17:19:13 [INFO] Src:\\sv-sam\data | Dst:\\Sitebackups\Backups\Full\sv-sam\data | Options:/E /M
07/16/2019 17:19:13 [INFO] ROBOCOPY \\sv-sam\data \\Sitebackups\Backups\Full\sv-sam\data /E /M /XD Temp Autobackup Updater5 /XF *.log *desktop.ini *.db *.crdownload *.tmp /W:0 /R:0 /NFL /NDL /XA:S 
07/16/2019 17:20:49 [INFO] Src:\\sv-sam\datas | Dst:\\Sitebackups\Backups\Full\sv-sam\datas | Options:/E /M
07/16/2019 17:20:49 [INFO] ROBOCOPY \\sv-sam\datas \\Sitebackups\Backups\Full\sv-sam\datas /E /M /XD Temp Autobackup Updater5 /XF *.log *desktop.ini *.db *.crdownload *.tmp /W:0 /R:0 /NFL /NDL /XA:S 
07/16/2019 17:21:31 [INFO] Src:\\sv-sam\users | Dst:\\Sitebackups\Backups\Full\sv-sam\users | Options:/E /M
07/16/2019 17:21:31 [INFO] ROBOCOPY \\sv-sam\users \\Sitebackups\Backups\Full\sv-sam\users /E /M /XD Temp Autobackup Updater5 /XF *.log *desktop.ini *.db *.crdownload *.tmp /W:0 /R:0 /NFL /NDL /XA:S 
07/16/2019 17:21:44 [INFO] Src:\\sv-sam\support | Dst:\\Sitebackups\Backups\Full\sv-sam\support | Options:/E /M
07/16/2019 17:21:44 [INFO] ROBOCOPY \\sv-sam\support \\Sitebackups\Backups\Full\sv-sam\support /E /M /XD Temp Autobackup Updater5 Software Installs /XF *.log *desktop.ini *.db *.crdownload *.tmp /W:0 /R:0 /NFL /NDL /XA:S 
07/16/2019 17:22:37 [INFO] No Powershell errors reported.
