07/24/2019 17:00:06 [SCRIPT] SITEBACKUPS | veritas | Backup-Shares.4.0.PS1 \\mirage\Scripts\Servers\Backup\jobs\DR-Site-Servers.01.csv -Full True -Test False
07/24/2019 17:00:07 [INFO] Src:\\ch-pounce\data | Dst:\\Sitebackups\Backups\ch-pounce\data | Options:/E /M
07/24/2019 17:00:07 [INFO] ROBOCOPY \\ch-pounce\data \\Sitebackups\Backups\ch-pounce\data /E /M /XD Temp Autobackup Updater5 /XF *.log *desktop.ini *.crdownload *.tmp *.mp4 *.avi *.mpeg *.mov thumbs.db /W:0 /R:0 /NFL /NDL /XA:S 
07/24/2019 17:07:04 [INFO] Src:\\ch-pounce\datas | Dst:\\Sitebackups\Backups\ch-pounce\datas | Options:/E /M
07/24/2019 17:07:05 [INFO] ROBOCOPY \\ch-pounce\datas \\Sitebackups\Backups\ch-pounce\datas /E /M /XD Temp Autobackup Updater5 /XF *.log *desktop.ini *.crdownload *.tmp *.mp4 *.avi *.mpeg *.mov thumbs.db /W:0 /R:0 /NFL /NDL /XA:S 
07/24/2019 17:08:08 [INFO] Src:\\ch-pounce\users | Dst:\\Sitebackups\Backups\ch-pounce\users | Options:/E /M
07/24/2019 17:08:16 [INFO] ROBOCOPY \\ch-pounce\users \\Sitebackups\Backups\ch-pounce\users /E /M /XD Temp Autobackup Updater5 /XF *.log *desktop.ini *.crdownload *.tmp *.mp4 *.avi *.mpeg *.mov thumbs.db /W:0 /R:0 /NFL /NDL /XA:S 
07/24/2019 17:08:22 [INFO] Src:\\ci-bobcat\data | Dst:\\Sitebackups\Backups\ci-bobcat\data | Options:/E /M
07/24/2019 17:08:29 [INFO] ROBOCOPY \\ci-bobcat\data \\Sitebackups\Backups\ci-bobcat\data /E /M /XD Temp Autobackup Updater5 /XF *.log *desktop.ini *.crdownload *.tmp *.mp4 *.avi *.mpeg *.mov thumbs.db /W:0 /R:0 /NFL /NDL /XA:S 
07/24/2019 17:08:35 [INFO] Src:\\ci-bobcat\datas | Dst:\\Sitebackups\Backups\ci-bobcat\datas | Options:/E /M
07/24/2019 17:08:37 [INFO] ROBOCOPY \\ci-bobcat\datas \\Sitebackups\Backups\ci-bobcat\datas /E /M /XD Temp Autobackup Updater5 /XF *.log *desktop.ini *.crdownload *.tmp *.mp4 *.avi *.mpeg *.mov thumbs.db /W:0 /R:0 /NFL /NDL /XA:S 
07/24/2019 17:43:03 [INFO] Src:\\ci-bobcat\users | Dst:\\Sitebackups\Backups\ci-bobcat\users | Options:/E /M
07/24/2019 17:43:04 [INFO] ROBOCOPY \\ci-bobcat\users \\Sitebackups\Backups\ci-bobcat\users /E /M /XD Temp Autobackup Updater5 /XF *.log *desktop.ini *.crdownload *.tmp *.mp4 *.avi *.mpeg *.mov thumbs.db /W:0 /R:0 /NFL /NDL /XA:S 
07/24/2019 17:43:05 [INFO] Src:\\ci-bobcat\support | Dst:\\Sitebackups\Backups\ci-bobcat\support | Options:/E /M
07/24/2019 17:43:06 [INFO] ROBOCOPY \\ci-bobcat\support \\Sitebackups\Backups\ci-bobcat\support /E /M /XD Temp Autobackup Updater5 /XF *.log *desktop.ini *.crdownload *.tmp *.mp4 *.avi *.mpeg *.mov thumbs.db /W:0 /R:0 /NFL /NDL /XA:S 
07/24/2019 18:03:09 [INFO] Src:\\ho-hook\data | Dst:\\Sitebackups\Backups\ho-hook\data | Options:/E /M
07/24/2019 18:03:26 [INFO] ROBOCOPY \\ho-hook\data \\Sitebackups\Backups\ho-hook\data /E /M /XD Temp Autobackup Updater5 /XF *.log *desktop.ini *.crdownload *.tmp *.mp4 *.avi *.mpeg *.mov thumbs.db /W:0 /R:0 /NFL /NDL /XA:S 
07/24/2019 19:15:35 [INFO] Src:\\ho-hook\datas | Dst:\\Sitebackups\Backups\ho-hook\datas | Options:/E /M
07/24/2019 19:15:35 [INFO] ROBOCOPY \\ho-hook\datas \\Sitebackups\Backups\ho-hook\datas /E /M /XD Temp Autobackup Updater5 /XF *.log *desktop.ini *.crdownload *.tmp *.mp4 *.avi *.mpeg *.mov thumbs.db /W:0 /R:0 /NFL /NDL /XA:S 
07/24/2019 19:45:35 [INFO] Src:\\ho-hook\users | Dst:\\Sitebackups\Backups\ho-hook\users | Options:/E /M
07/24/2019 19:45:47 [INFO] ROBOCOPY \\ho-hook\users \\Sitebackups\Backups\ho-hook\users /E /M /XD Temp Autobackup Updater5 /XF *.log *desktop.ini *.crdownload *.tmp *.mp4 *.avi *.mpeg *.mov thumbs.db /W:0 /R:0 /NFL /NDL /XA:S 
07/24/2019 19:45:50 [INFO] Src:\\jm-wildrider\data | Dst:\\Sitebackups\Backups\jm-wildrider\data | Options:/E /M
07/24/2019 19:45:52 [INFO] ROBOCOPY \\jm-wildrider\data \\Sitebackups\Backups\jm-wildrider\data /E /M /XD Temp Autobackup Updater5 /XF *.log *desktop.ini *.crdownload *.tmp *.mp4 *.avi *.mpeg *.mov thumbs.db /W:0 /R:0 /NFL /NDL /XA:S 
07/24/2019 19:51:24 [INFO] Src:\\jm-wildrider\datas | Dst:\\Sitebackups\Backups\jm-wildrider\datas | Options:/E /M
07/24/2019 19:51:25 [INFO] ROBOCOPY \\jm-wildrider\datas \\Sitebackups\Backups\jm-wildrider\datas /E /M /XD Temp Autobackup Updater5 /XF *.log *desktop.ini *.crdownload *.tmp *.mp4 *.avi *.mpeg *.mov thumbs.db /W:0 /R:0 /NFL /NDL /XA:S 
07/24/2019 20:10:01 [INFO] Src:\\jm-wildrider\users | Dst:\\Sitebackups\Backups\jm-wildrider\users | Options:/E /M
07/24/2019 20:10:09 [INFO] ROBOCOPY \\jm-wildrider\users \\Sitebackups\Backups\jm-wildrider\users /E /M /XD Temp Autobackup Updater5 /XF *.log *desktop.ini *.crdownload *.tmp *.mp4 *.avi *.mpeg *.mov thumbs.db /W:0 /R:0 /NFL /NDL /XA:S 
07/24/2019 20:10:14 [INFO] Src:\\ma-skyfire\data | Dst:\\Sitebackups\Backups\ma-skyfire\data | Options:/E /M
07/24/2019 20:10:16 [INFO] ROBOCOPY \\ma-skyfire\data \\Sitebackups\Backups\ma-skyfire\data /E /M /XD Temp Autobackup Updater5 /XF *.log *desktop.ini *.crdownload *.tmp *.mp4 *.avi *.mpeg *.mov thumbs.db /W:0 /R:0 /NFL /NDL /XA:S 
07/24/2019 21:11:49 [INFO] Src:\\ma-skyfire\datas | Dst:\\Sitebackups\Backups\ma-skyfire\datas | Options:/E /M
07/24/2019 21:12:21 [INFO] ROBOCOPY \\ma-skyfire\datas \\Sitebackups\Backups\ma-skyfire\datas /E /M /XD Temp Autobackup Updater5 /XF *.log *desktop.ini *.crdownload *.tmp *.mp4 *.avi *.mpeg *.mov thumbs.db /W:0 /R:0 /NFL /NDL /XA:S 
07/24/2019 21:13:41 [INFO] Src:\\ma-skyfire\users | Dst:\\Sitebackups\Backups\ma-skyfire\users | Options:/E /M
07/24/2019 21:14:18 [INFO] ROBOCOPY \\ma-skyfire\users \\Sitebackups\Backups\ma-skyfire\users /E /M /XD Temp Autobackup Updater5 /XF *.log *desktop.ini *.crdownload *.tmp *.mp4 *.avi *.mpeg *.mov thumbs.db /W:0 /R:0 /NFL /NDL /XA:S 
07/24/2019 21:14:23 [INFO] Src:\\ma-skyfire\support | Dst:\\Sitebackups\Backups\ma-skyfire\support | Options:/E /M
07/24/2019 21:14:26 [INFO] ROBOCOPY \\ma-skyfire\support \\Sitebackups\Backups\ma-skyfire\support /E /M /XD Temp Autobackup Updater5 /XF *.log *desktop.ini *.crdownload *.tmp *.mp4 *.avi *.mpeg *.mov thumbs.db /W:0 /R:0 /NFL /NDL /XA:S 
07/24/2019 21:38:44 [INFO] Src:\\nd-snapdragon\data | Dst:\\Sitebackups\Backups\nd-snapdragon\data | Options:/E /M
07/24/2019 21:38:45 [INFO] ROBOCOPY \\nd-snapdragon\data \\Sitebackups\Backups\nd-snapdragon\data /E /M /XD Temp Autobackup Updater5 /XF *.log *desktop.ini *.crdownload *.tmp *.mp4 *.avi *.mpeg *.mov thumbs.db /W:0 /R:0 /NFL /NDL /XA:S 
07/24/2019 22:00:12 [INFO] Src:\\nd-snapdragon\datas | Dst:\\Sitebackups\Backups\nd-snapdragon\datas | Options:/E /M
07/24/2019 22:00:35 [INFO] ROBOCOPY \\nd-snapdragon\datas \\Sitebackups\Backups\nd-snapdragon\datas /E /M /XD Temp Autobackup Updater5 /XF *.log *desktop.ini *.crdownload *.tmp *.mp4 *.avi *.mpeg *.mov thumbs.db /W:0 /R:0 /NFL /NDL /XA:S 
07/24/2019 22:01:48 [INFO] Src:\\nd-snapdragon\users | Dst:\\Sitebackups\Backups\nd-snapdragon\users | Options:/E /M
07/24/2019 22:02:13 [INFO] ROBOCOPY \\nd-snapdragon\users \\Sitebackups\Backups\nd-snapdragon\users /E /M /XD Temp Autobackup Updater5 /XF *.log *desktop.ini *.crdownload *.tmp *.mp4 *.avi *.mpeg *.mov thumbs.db /W:0 /R:0 /NFL /NDL /XA:S 
07/24/2019 22:02:14 [INFO] Src:\\lc-cheetah\data | Dst:\\Sitebackups\Backups\lc-cheetah\data | Options:/E /M
07/24/2019 22:02:14 [INFO] ROBOCOPY \\lc-cheetah\data \\Sitebackups\Backups\lc-cheetah\data /E /M /XD Temp Autobackup Updater5 /XF *.log *desktop.ini *.crdownload *.tmp *.mp4 *.avi *.mpeg *.mov thumbs.db /W:0 /R:0 /NFL /NDL /XA:S 
07/24/2019 22:02:55 [INFO] Src:\\lc-cheetah\datas | Dst:\\Sitebackups\Backups\lc-cheetah\datas | Options:/E /M
07/24/2019 22:03:35 [INFO] ROBOCOPY \\lc-cheetah\datas \\Sitebackups\Backups\lc-cheetah\datas /E /M /XD Temp Autobackup Updater5 /XF *.log *desktop.ini *.crdownload *.tmp *.mp4 *.avi *.mpeg *.mov thumbs.db /W:0 /R:0 /NFL /NDL /XA:S 
07/24/2019 22:06:00 [INFO] Src:\\lc-cheetah\users | Dst:\\Sitebackups\Backups\lc-cheetah\users | Options:/E /M
07/24/2019 22:06:02 [INFO] ROBOCOPY \\lc-cheetah\users \\Sitebackups\Backups\lc-cheetah\users /E /M /XD Temp Autobackup Updater5 /XF *.log *desktop.ini *.crdownload *.tmp *.mp4 *.avi *.mpeg *.mov thumbs.db /W:0 /R:0 /NFL /NDL /XA:S 
07/24/2019 22:06:07 [INFO] Src:\\lc-cheetah\support | Dst:\\Sitebackups\Backups\lc-cheetah\support | Options:/E /M
07/24/2019 22:06:11 [INFO] ROBOCOPY \\lc-cheetah\support \\Sitebackups\Backups\lc-cheetah\support /E /M /XD Temp Autobackup Updater5 /XF *.log *desktop.ini *.crdownload *.tmp *.mp4 *.avi *.mpeg *.mov thumbs.db /W:0 /R:0 /NFL /NDL /XA:S 
07/25/2019 01:09:24 [INFO] Src:\\parkview-as\data | Dst:\\Sitebackups\Backups\parkview-as\data | Options:/E /M
07/25/2019 01:09:24 [INFO] ROBOCOPY \\parkview-as\data \\Sitebackups\Backups\parkview-as\data /E /M /XD Temp Autobackup Updater5 /XF *.log *desktop.ini *.crdownload *.tmp *.mp4 *.avi *.mpeg *.mov thumbs.db /W:0 /R:0 /NFL /NDL /XA:S 
07/25/2019 03:36:41 [INFO] Src:\\parkview-as\datas | Dst:\\Sitebackups\Backups\parkview-as\datas | Options:/E /M
07/25/2019 03:37:06 [INFO] ROBOCOPY \\parkview-as\datas \\Sitebackups\Backups\parkview-as\datas /E /M /XD Temp Autobackup Updater5 /XF *.log *desktop.ini *.crdownload *.tmp *.mp4 *.avi *.mpeg *.mov thumbs.db /W:0 /R:0 /NFL /NDL /XA:S 
07/25/2019 03:48:48 [INFO] Src:\\parkview-as\users | Dst:\\Sitebackups\Backups\parkview-as\users | Options:/E /M
07/25/2019 03:49:03 [INFO] ROBOCOPY \\parkview-as\users \\Sitebackups\Backups\parkview-as\users /E /M /XD Temp Autobackup Updater5 /XF *.log *desktop.ini *.crdownload *.tmp *.mp4 *.avi *.mpeg *.mov thumbs.db /W:0 /R:0 /NFL /NDL /XA:S 
07/25/2019 03:49:09 [INFO] Src:\\parkview-as\support | Dst:\\Sitebackups\Backups\parkview-as\support | Options:/E /M
07/25/2019 03:49:10 [INFO] ROBOCOPY \\parkview-as\support \\Sitebackups\Backups\parkview-as\support /E /M /XD Temp Autobackup Updater5 /XF *.log *desktop.ini *.crdownload *.tmp *.mp4 *.avi *.mpeg *.mov thumbs.db /W:0 /R:0 /NFL /NDL /XA:S 
07/25/2019 05:33:19 [INFO] Src:\\ew-ramhorn\data | Dst:\\Sitebackups\Backups\ew-ramhorn\data | Options:/E /M
07/25/2019 05:33:26 [INFO] ROBOCOPY \\ew-ramhorn\data \\Sitebackups\Backups\ew-ramhorn\data /E /M /XD Temp Autobackup Updater5 /XF *.log *desktop.ini *.crdownload *.tmp *.mp4 *.avi *.mpeg *.mov thumbs.db /W:0 /R:0 /NFL /NDL /XA:S 
07/25/2019 06:59:42 [INFO] Src:\\ew-ramhorn\datas | Dst:\\Sitebackups\Backups\ew-ramhorn\datas | Options:/E /M
07/25/2019 06:59:49 [INFO] ROBOCOPY \\ew-ramhorn\datas \\Sitebackups\Backups\ew-ramhorn\datas /E /M /XD Temp Autobackup Updater5 /XF *.log *desktop.ini *.crdownload *.tmp *.mp4 *.avi *.mpeg *.mov thumbs.db /W:0 /R:0 /NFL /NDL /XA:S 
07/25/2019 07:15:15 [INFO] Src:\\ew-ramhorn\users | Dst:\\Sitebackups\Backups\ew-ramhorn\users | Options:/E /M
07/25/2019 07:15:20 [INFO] ROBOCOPY \\ew-ramhorn\users \\Sitebackups\Backups\ew-ramhorn\users /E /M /XD Temp Autobackup Updater5 /XF *.log *desktop.ini *.crdownload *.tmp *.mp4 *.avi *.mpeg *.mov thumbs.db /W:0 /R:0 /NFL /NDL /XA:S 
07/25/2019 07:15:26 [INFO] Src:\\ew-ramhorn\support | Dst:\\Sitebackups\Backups\ew-ramhorn\support | Options:/E /M
07/25/2019 07:15:31 [INFO] ROBOCOPY \\ew-ramhorn\support \\Sitebackups\Backups\ew-ramhorn\support /E /M /XD Temp Autobackup Updater5 /XF *.log *desktop.ini *.crdownload *.tmp *.mp4 *.avi *.mpeg *.mov thumbs.db /W:0 /R:0 /NFL /NDL /XA:S 
07/25/2019 07:15:35 [INFO] Src:\\ro-raccoon\data | Dst:\\Sitebackups\Backups\ro-raccoon\data | Options:/E /M
07/25/2019 07:15:37 [INFO] ROBOCOPY \\ro-raccoon\data \\Sitebackups\Backups\ro-raccoon\data /E /M /XD Temp Autobackup Updater5 /XF *.log *desktop.ini *.crdownload *.tmp *.mp4 *.avi *.mpeg *.mov thumbs.db /W:0 /R:0 /NFL /NDL /XA:S 
07/25/2019 07:33:13 [INFO] Src:\\ro-raccoon\datas | Dst:\\Sitebackups\Backups\ro-raccoon\datas | Options:/E /M
07/25/2019 07:33:16 [INFO] ROBOCOPY \\ro-raccoon\datas \\Sitebackups\Backups\ro-raccoon\datas /E /M /XD Temp Autobackup Updater5 /XF *.log *desktop.ini *.crdownload *.tmp *.mp4 *.avi *.mpeg *.mov thumbs.db /W:0 /R:0 /NFL /NDL /XA:S 
07/25/2019 07:41:29 [INFO] Src:\\ro-raccoon\users | Dst:\\Sitebackups\Backups\ro-raccoon\users | Options:/E /M
07/25/2019 07:41:29 [INFO] ROBOCOPY \\ro-raccoon\users \\Sitebackups\Backups\ro-raccoon\users /E /M /XD Temp Autobackup Updater5 /XF *.log *desktop.ini *.crdownload *.tmp *.mp4 *.avi *.mpeg *.mov thumbs.db /W:0 /R:0 /NFL /NDL /XA:S 
07/25/2019 07:41:29 [INFO] Src:\\ro-raccoon\support | Dst:\\Sitebackups\Backups\ro-raccoon\support | Options:/E /M
07/25/2019 07:41:29 [INFO] ROBOCOPY \\ro-raccoon\support \\Sitebackups\Backups\ro-raccoon\support /E /M /XD Temp Autobackup Updater5 /XF *.log *desktop.ini *.crdownload *.tmp *.mp4 *.avi *.mpeg *.mov thumbs.db /W:0 /R:0 /NFL /NDL /XA:S 
07/25/2019 08:02:45 [INFO] Src:\\sh-searchlight\data | Dst:\\Sitebackups\Backups\sh-searchlight\data | Options:/E /M
07/25/2019 08:03:08 [INFO] ROBOCOPY \\sh-searchlight\data \\Sitebackups\Backups\sh-searchlight\data /E /M /XD Temp Autobackup Updater5 /XF *.log *desktop.ini *.crdownload *.tmp *.mp4 *.avi *.mpeg *.mov thumbs.db /W:0 /R:0 /NFL /NDL /XA:S 
07/25/2019 08:31:19 [INFO] Src:\\sh-searchlight\datas | Dst:\\Sitebackups\Backups\sh-searchlight\datas | Options:/E /M
07/25/2019 08:31:23 [INFO] ROBOCOPY \\sh-searchlight\datas \\Sitebackups\Backups\sh-searchlight\datas /E /M /XD Temp Autobackup Updater5 /XF *.log *desktop.ini *.crdownload *.tmp *.mp4 *.avi *.mpeg *.mov thumbs.db /W:0 /R:0 /NFL /NDL /XA:S 
07/25/2019 08:38:09 [INFO] Src:\\sh-searchlight\users | Dst:\\Sitebackups\Backups\sh-searchlight\users | Options:/E /M
07/25/2019 08:38:21 [INFO] ROBOCOPY \\sh-searchlight\users \\Sitebackups\Backups\sh-searchlight\users /E /M /XD Temp Autobackup Updater5 /XF *.log *desktop.ini *.crdownload *.tmp *.mp4 *.avi *.mpeg *.mov thumbs.db /W:0 /R:0 /NFL /NDL /XA:S 
07/25/2019 08:38:31 [INFO] Src:\\sv-sam\data | Dst:\\Sitebackups\Backups\sv-sam\data | Options:/E /M
07/25/2019 08:38:37 [INFO] ROBOCOPY \\sv-sam\data \\Sitebackups\Backups\sv-sam\data /E /M /XD Temp Autobackup Updater5 /XF *.log *desktop.ini *.crdownload *.tmp *.mp4 *.avi *.mpeg *.mov thumbs.db /W:0 /R:0 /NFL /NDL /XA:S 
07/25/2019 10:06:09 [INFO] Src:\\sv-sam\datas | Dst:\\Sitebackups\Backups\sv-sam\datas | Options:/E /M
07/25/2019 10:06:09 [INFO] ROBOCOPY \\sv-sam\datas \\Sitebackups\Backups\sv-sam\datas /E /M /XD Temp Autobackup Updater5 /XF *.log *desktop.ini *.crdownload *.tmp *.mp4 *.avi *.mpeg *.mov thumbs.db /W:0 /R:0 /NFL /NDL /XA:S 
07/25/2019 11:07:29 [INFO] Src:\\sv-sam\users | Dst:\\Sitebackups\Backups\sv-sam\users | Options:/E /M
07/25/2019 11:07:29 [INFO] ROBOCOPY \\sv-sam\users \\Sitebackups\Backups\sv-sam\users /E /M /XD Temp Autobackup Updater5 /XF *.log *desktop.ini *.crdownload *.tmp *.mp4 *.avi *.mpeg *.mov thumbs.db /W:0 /R:0 /NFL /NDL /XA:S 
07/25/2019 11:07:31 [INFO] Src:\\sv-sam\support | Dst:\\Sitebackups\Backups\sv-sam\support | Options:/E /M
07/25/2019 11:07:31 [INFO] ROBOCOPY \\sv-sam\support \\Sitebackups\Backups\sv-sam\support /E /M /XD Temp Autobackup Updater5 Software Installs /XF *.log *desktop.ini *.crdownload *.tmp *.mp4 *.avi *.mpeg *.mov thumbs.db /W:0 /R:0 /NFL /NDL /XA:S 
