-------------------------------------------------
FastCopy(ver2.11) start at 2014/04/09 13:46:27

<Source>  .\test1
<DestDir> .\test2
<Command> Diff (Size/Date)

 No Errors

TotalRead = 0.0 MB
TotalWrite = 0.0 MB
TotalFiles = 3 (1)
TotalTime= 0.01 sec
TransRate= 0.00 MB/s
FileRate  = 200.00 files/s

Result : (ErrFiles : 0 / ErrDirs : 0)

-------------------------------------------------
FastCopy(ver2.11) start at 2014/04/09 13:52:01

<Source>  .\test1
<DestDir> .\test2
<Command> Diff (Size/Date)

 No Errors

TotalRead = 0.0 MB
TotalWrite = 0.0 MB
TotalFiles = 0 (0)
TotalSkip = 0.0 MB
SkipFiles = 3 (0)
TotalTime= 0.00 sec
TransRate= 0.00 MB/s
FileRate  = 0.00 files/s

Result : (ErrFiles : 0 / ErrDirs : 0)

