
-------------------------------------------------------------------------------
   ROBOCOPY     ::     Robust File Copy for Windows                              
-------------------------------------------------------------------------------

  Started : Sat May 18 02:00:08 2019

   Source : \\Seaspray\UserS\
     Dest : \\KUP\Seaspray\Full\UserS\

    Files : *.*
	    
Exc Files : *.log
	    *desktop.ini
	    *.db
	    *.crdownload
	    *.tmp
	    *.mp4
	    *.avi
	    *.MTS
	    *.MPEG
	    *.MOV
	    
 Exc Dirs : Temp
	    Adobe Premiere Pro Preview Files
	    .BIN
	    System Volume Information
	    Autobackup
	    Updater5
	    Halo Combat Evolved
	    
  Options : *.* /NDL /NFL /S /E /COPY:DAT /M /XA:S /R:0 /W:0 

------------------------------------------------------------------------------


------------------------------------------------------------------------------

               Total    Copied   Skipped  Mismatch    FAILED    Extras
    Dirs :     55309       538     54771         0         0      4133
   Files :    331104     10625    320479         0         0     28708
   Bytes : 779.213 g  35.886 g 743.326 g         0         0 132.321 g
   Times :   1:25:55   0:24:27                       0:00:00   1:01:28


   Speed :            26265995 Bytes/sec.
   Speed :            1502.952 MegaBytes/min.

   Ended : Sat May 18 03:26:04 2019
